<?xml version="1.0" encoding="UTF-8"?>
<!-- Generated by org.testng.reporters.JUnitXMLReporter -->
<testsuite ignored="0" hostname="DESKTOP-4GK86VS" failures="0" tests="4" name="Default test" time="0.201" errors="0" timestamp="2024-02-12T16:29:22 IST">
  <testcase classname="com.testNG.NewTest" name="test2" time="0.027"/>
  <testcase classname="com.testNG.NewTest" name="test3" time="0.011"/>
  <testcase classname="com.testNG.NewTest" name="test1" time="0.002"/>
  <testcase classname="com.testNG.NewTest" name="test" time="0.003"/>
</testsuite> <!-- Default test -->
