<?xml version="1.0" encoding="UTF-8"?>
<testng-results ignored="0" total="2" passed="2" failed="0" skipped="0">
  <reporter-output>
  </reporter-output>
  <suite started-at="2024-02-12T16:41:19 IST" name="Suite" finished-at="2024-02-12T16:41:29 IST" duration-ms="10489">
    <groups>
    </groups>
    <test started-at="2024-02-12T16:41:19 IST" name="Test" finished-at="2024-02-12T16:41:29 IST" duration-ms="10489">
      <class name="com.testNG.NewTest">
        <test-method signature="browserlaunch()[pri:0, instance:com.testNG.NewTest@45099dd3]" started-at="2024-02-12T16:41:19 IST" name="browserlaunch" finished-at="2024-02-12T16:41:29 IST" duration-ms="9985" status="PASS">
          <reporter-output>
          </reporter-output>
        </test-method> <!-- browserlaunch -->
      </class> <!-- com.testNG.NewTest -->
      <class name="com.testNG.Tests">
        <test-method signature="browserlaunch()[pri:0, instance:com.testNG.Tests@2e385cce]" started-at="2024-02-12T16:41:19 IST" name="browserlaunch" finished-at="2024-02-12T16:41:29 IST" duration-ms="10290" status="PASS">
          <reporter-output>
          </reporter-output>
        </test-method> <!-- browserlaunch -->
      </class> <!-- com.testNG.Tests -->
    </test> <!-- Test -->
  </suite> <!-- Suite -->
</testng-results>
